<?xml version="1.0" encoding="UTF-8"?>
<!-- Generated by org.testng.reporters.JUnitReportReporter -->
<testsuite hostname="DESKTOP-4GVM73D" name="libraryApi.LibraryApiDemo" tests="3" failures="0" timestamp="26 Apr 2020 14:38:36 GMT" time="28.543" errors="0">
  <testcase name="library" time="0.397" classname="libraryApi.LibraryApiDemo"/>
  <testcase name="library" time="0.440" classname="libraryApi.LibraryApiDemo"/>
  <testcase name="library" time="27.706" classname="libraryApi.LibraryApiDemo"/>
</testsuite> <!-- libraryApi.LibraryApiDemo -->
